2018-03-23 20:57:43,409 - BrowserEngine - INFO - You had select Chrome browser.
2018-03-23 20:57:43,409 - BrowserEngine - INFO - The test server url is: https://edu.51cto.com
2018-03-23 20:57:48,627 - BrowserEngine - INFO - 打开谷歌浏览器
2018-03-23 20:57:50,054 - BrowserEngine - INFO - open url: https://edu.51cto.com
2018-03-23 20:57:51,250 - BrowserEngine - INFO - 最大化窗口
2018-03-23 20:57:51,251 - BrowserEngine - INFO - 等待10s
2018-03-23 20:57:51,314 - BasePage - INFO - Had find the element '  ' successful by xpath via value: .//*[@id='pop_one']/div[2]/div/span/img 
2018-03-23 20:57:51,397 - BasePage - INFO - The element '  ' was clicked.
2018-03-23 20:57:51,450 - BasePage - INFO - Had find the element \ '  \ ' successfulby id via value: searchQ
2018-03-23 20:57:51,746 - BasePage - INFO - Had type ' selenium ' in inputBox
2018-03-23 20:57:51,790 - BasePage - INFO - Had find the element '  ' successful by xpath via value: .//*[@id='Search']/button 
2018-03-23 20:57:51,966 - BasePage - INFO - The element '  ' was clicked.
2018-03-23 20:57:55,338 - BasePage - INFO - Had take screenhot and save to folder : /screenhots
2018-03-23 20:57:55,344 - BasePage - INFO - current page title is 51CTO学院 - IT人充电，上51CTO学院！
2018-03-23 20:57:55,378 - BasePage - INFO - Had find the element \ '  \ ' successfulby id via value: searchQ
2018-03-23 20:57:55,475 - BasePage - INFO - Had type ' python ' in inputBox
2018-03-23 20:57:55,512 - BasePage - INFO - Had find the element '  ' successful by xpath via value: .//*[@id='Search']/button 
2018-03-23 20:57:55,645 - BasePage - INFO - The element '  ' was clicked.
2018-03-23 20:57:59,217 - BasePage - INFO - Had take screenhot and save to folder : /screenhots
2018-03-23 20:58:02,383 - BrowserEngine - INFO - You had select Chrome browser.
2018-03-23 20:58:02,383 - BrowserEngine - INFO - The test server url is: https://edu.51cto.com
2018-03-23 20:58:07,581 - BrowserEngine - INFO - 打开谷歌浏览器
2018-03-23 20:58:08,895 - BrowserEngine - INFO - open url: https://edu.51cto.com
2018-03-23 20:58:10,124 - BrowserEngine - INFO - 最大化窗口
2018-03-23 20:58:10,126 - BrowserEngine - INFO - 等待10s
2018-03-23 20:58:10,251 - BasePage - INFO - Had find the element '  ' successful by xpath via value: .//*[@id='pop_one']/div[2]/div/span/img 
2018-03-23 20:58:10,618 - BasePage - INFO - The element '  ' was clicked.
