2018-03-14 17:02:39,649 - BrowserEngine - INFO - You had select Chrome browser.
2018-03-14 17:02:39,649 - BrowserEngine - INFO - The test server url is: https://edu.51cto.com
2018-03-14 17:02:44,718 - BrowserEngine - INFO - 打开谷歌浏览器
2018-03-14 17:02:47,033 - BrowserEngine - INFO - open url: https://edu.51cto.com
2018-03-14 17:02:48,216 - BrowserEngine - INFO - 最大化窗口
2018-03-14 17:02:48,218 - BrowserEngine - INFO - 等待10s
2018-03-14 17:02:48,270 - BasePage - INFO - Had find the element '  ' successful by xpath via value: .//*[@id='pop_one']/div[2]/div/span/img 
2018-03-14 17:02:48,383 - BasePage - INFO - The element '  ' was clicked.
2018-03-14 17:02:48,431 - BasePage - INFO - Had find the element \ '  \ ' successfulby id via value: searchQ
2018-03-14 17:02:48,533 - BasePage - INFO - Had type ' selenium ' in inputBox
2018-03-14 17:02:48,579 - BasePage - INFO - Had find the element '  ' successful by xpath via value: .//*[@id='Search']/button 
2018-03-14 17:02:48,770 - BasePage - INFO - The element '  ' was clicked.
2018-03-14 17:02:52,163 - BasePage - INFO - Had take screenhot and save to folder : /screenhots
2018-03-14 17:02:52,170 - BasePage - INFO - current page title is 51CTO学院 - IT人充电，上51CTO学院！
2018-03-14 17:02:55,349 - BrowserEngine - INFO - You had select Chrome browser.
2018-03-14 17:02:55,350 - BrowserEngine - INFO - The test server url is: https://edu.51cto.com
2018-03-14 17:03:00,321 - BrowserEngine - INFO - 打开谷歌浏览器
2018-03-14 17:03:02,134 - BrowserEngine - INFO - open url: https://edu.51cto.com
2018-03-14 17:03:03,299 - BrowserEngine - INFO - 最大化窗口
2018-03-14 17:03:03,300 - BrowserEngine - INFO - 等待10s
2018-03-14 17:03:03,344 - BasePage - INFO - Had find the element '  ' successful by xpath via value: .//*[@id='pop_one']/div[2]/div/span/img 
2018-03-14 17:03:03,449 - BasePage - INFO - The element '  ' was clicked.
2018-03-14 17:03:03,501 - BasePage - INFO - Had find the element \ '  \ ' successfulby id via value: searchQ
2018-03-14 17:03:03,592 - BasePage - INFO - Had type ' python ' in inputBox
2018-03-14 17:03:03,637 - BasePage - INFO - Had find the element '  ' successful by xpath via value: .//*[@id='Search']/button 
2018-03-14 17:03:03,865 - BasePage - INFO - The element '  ' was clicked.
2018-03-14 17:03:07,324 - BasePage - INFO - Had take screenhot and save to folder : /screenhots
