2018-03-23 21:01:10,902 - BrowserEngine - INFO - You had select Chrome browser.
2018-03-23 21:01:10,902 - BrowserEngine - INFO - The test server url is: https://edu.51cto.com
2018-03-23 21:01:16,061 - BrowserEngine - INFO - 打开谷歌浏览器
2018-03-23 21:01:18,007 - BrowserEngine - INFO - open url: https://edu.51cto.com
2018-03-23 21:01:19,207 - BrowserEngine - INFO - 最大化窗口
2018-03-23 21:01:19,209 - BrowserEngine - INFO - 等待10s
2018-03-23 21:01:19,279 - BasePage - INFO - Had find the element '  ' successful by xpath via value: .//*[@id='pop_one']/div[2]/div/span/img 
2018-03-23 21:01:19,378 - BasePage - INFO - The element '  ' was clicked.
2018-03-23 21:01:19,433 - BasePage - INFO - Had find the element \ '  \ ' successfulby id via value: searchQ
2018-03-23 21:01:19,593 - BasePage - INFO - Had type ' selenium ' in inputBox
2018-03-23 21:01:19,644 - BasePage - INFO - Had find the element '  ' successful by xpath via value: .//*[@id='Search']/button 
2018-03-23 21:01:19,865 - BasePage - INFO - The element '  ' was clicked.
2018-03-23 21:01:23,246 - BasePage - INFO - Had take screenhot and save to folder : /screenhots
2018-03-23 21:01:23,254 - BasePage - INFO - current page title is 51CTO学院 - IT人充电，上51CTO学院！
2018-03-23 21:01:23,287 - BasePage - INFO - Had find the element \ '  \ ' successfulby id via value: searchQ
2018-03-23 21:01:23,370 - BasePage - INFO - Had type ' python ' in inputBox
2018-03-23 21:01:23,405 - BasePage - INFO - Had find the element '  ' successful by xpath via value: .//*[@id='Search']/button 
2018-03-23 21:01:23,509 - BasePage - INFO - The element '  ' was clicked.
2018-03-23 21:01:27,001 - BasePage - INFO - Had take screenhot and save to folder : /screenhots
2018-03-23 21:01:30,204 - BrowserEngine - INFO - You had select Chrome browser.
2018-03-23 21:01:30,204 - BrowserEngine - INFO - The test server url is: https://edu.51cto.com
2018-03-23 21:01:35,422 - BrowserEngine - INFO - 打开谷歌浏览器
2018-03-23 21:01:36,781 - BrowserEngine - INFO - open url: https://edu.51cto.com
2018-03-23 21:01:37,995 - BrowserEngine - INFO - 最大化窗口
2018-03-23 21:01:37,996 - BrowserEngine - INFO - 等待10s
2018-03-23 21:01:38,045 - BasePage - INFO - Had find the element '  ' successful by xpath via value: .//*[@id='pop_one']/div[2]/div/span/img 
2018-03-23 21:01:38,346 - BasePage - INFO - The element '  ' was clicked.
